CRITICAL - 2021-08-20 03:19:58 --> Undefined variable: userGroup
#0 C:\xampp\htdocs\promise\app\Controllers\KerjaPraktek.php(18): CodeIgniter\Debug\Exceptions->errorHandler(8, 'Undefined varia...', 'C:\\xampp\\htdocs...', 18, Array)
#1 C:\xampp\htdocs\promise\vendor\codeigniter4\framework\system\CodeIgniter.php(928): App\Controllers\KerjaPraktek->daftarKP()
#2 C:\xampp\htdocs\promise\vendor\codeigniter4\framework\system\CodeIgniter.php(436): CodeIgniter\CodeIgniter->runController(Object(App\Controllers\KerjaPraktek))
#3 C:\xampp\htdocs\promise\vendor\codeigniter4\framework\system\CodeIgniter.php(336): CodeIgniter\CodeIgniter->handleRequest(NULL, Object(Config\Cache), false)
#4 C:\xampp\htdocs\promise\public\index.php(45): CodeIgniter\CodeIgniter->run()
#5 {main}
CRITICAL - 2021-08-20 07:31:42 --> Trying to get property 'usergroupid' of non-object
#0 C:\xampp\htdocs\promise\app\Views\layout\sidebar.php(6): CodeIgniter\Debug\Exceptions->errorHandler(8, 'Trying to get p...', 'C:\\xampp\\htdocs...', 6, Array)
#1 C:\xampp\htdocs\promise\vendor\codeigniter4\framework\system\View\View.php(230): include('C:\\xampp\\htdocs...')
#2 C:\xampp\htdocs\promise\vendor\codeigniter4\framework\system\View\View.php(232): CodeIgniter\View\View->CodeIgniter\View\{closure}()
#3 C:\xampp\htdocs\promise\vendor\codeigniter4\framework\system\View\View.php(487): CodeIgniter\View\View->render('layout/sidebar', NULL, true)
#4 C:\xampp\htdocs\promise\app\Views\layout\templates.php(52): CodeIgniter\View\View->include('layout/sidebar')
#5 C:\xampp\htdocs\promise\vendor\codeigniter4\framework\system\View\View.php(230): include('C:\\xampp\\htdocs...')
#6 C:\xampp\htdocs\promise\vendor\codeigniter4\framework\system\View\View.php(232): CodeIgniter\View\View->CodeIgniter\View\{closure}()
#7 C:\xampp\htdocs\promise\vendor\codeigniter4\framework\system\View\View.php(246): CodeIgniter\View\View->render('layout/template...', Array, true)
#8 C:\xampp\htdocs\promise\vendor\codeigniter4\framework\system\Common.php(1271): CodeIgniter\View\View->render('kerjapraktek/da...', Array, true)
#9 C:\xampp\htdocs\promise\app\Controllers\KerjaPraktek.php(20): view('kerjapraktek/da...', Array)
#10 C:\xampp\htdocs\promise\vendor\codeigniter4\framework\system\CodeIgniter.php(928): App\Controllers\KerjaPraktek->daftarKP()
#11 C:\xampp\htdocs\promise\vendor\codeigniter4\framework\system\CodeIgniter.php(436): CodeIgniter\CodeIgniter->runController(Object(App\Controllers\KerjaPraktek))
#12 C:\xampp\htdocs\promise\vendor\codeigniter4\framework\system\CodeIgniter.php(336): CodeIgniter\CodeIgniter->handleRequest(NULL, Object(Config\Cache), false)
#13 C:\xampp\htdocs\promise\public\index.php(45): CodeIgniter\CodeIgniter->run()
#14 {main}
CRITICAL - 2021-08-20 07:31:46 --> Trying to get property 'usergroupid' of non-object
#0 C:\xampp\htdocs\promise\app\Views\layout\sidebar.php(6): CodeIgniter\Debug\Exceptions->errorHandler(8, 'Trying to get p...', 'C:\\xampp\\htdocs...', 6, Array)
#1 C:\xampp\htdocs\promise\vendor\codeigniter4\framework\system\View\View.php(230): include('C:\\xampp\\htdocs...')
#2 C:\xampp\htdocs\promise\vendor\codeigniter4\framework\system\View\View.php(232): CodeIgniter\View\View->CodeIgniter\View\{closure}()
#3 C:\xampp\htdocs\promise\vendor\codeigniter4\framework\system\View\View.php(487): CodeIgniter\View\View->render('layout/sidebar', NULL, true)
#4 C:\xampp\htdocs\promise\app\Views\layout\templates.php(52): CodeIgniter\View\View->include('layout/sidebar')
#5 C:\xampp\htdocs\promise\vendor\codeigniter4\framework\system\View\View.php(230): include('C:\\xampp\\htdocs...')
#6 C:\xampp\htdocs\promise\vendor\codeigniter4\framework\system\View\View.php(232): CodeIgniter\View\View->CodeIgniter\View\{closure}()
#7 C:\xampp\htdocs\promise\vendor\codeigniter4\framework\system\View\View.php(246): CodeIgniter\View\View->render('layout/template...', Array, true)
#8 C:\xampp\htdocs\promise\vendor\codeigniter4\framework\system\Common.php(1271): CodeIgniter\View\View->render('dashboard/index...', Array, true)
#9 C:\xampp\htdocs\promise\app\Controllers\Dashboard.php(23): view('dashboard/index...', Array)
#10 C:\xampp\htdocs\promise\vendor\codeigniter4\framework\system\CodeIgniter.php(928): App\Controllers\Dashboard->view_dashboard('Mahasiswa')
#11 C:\xampp\htdocs\promise\vendor\codeigniter4\framework\system\CodeIgniter.php(436): CodeIgniter\CodeIgniter->runController(Object(App\Controllers\Dashboard))
#12 C:\xampp\htdocs\promise\vendor\codeigniter4\framework\system\CodeIgniter.php(336): CodeIgniter\CodeIgniter->handleRequest(NULL, Object(Config\Cache), false)
#13 C:\xampp\htdocs\promise\public\index.php(45): CodeIgniter\CodeIgniter->run()
#14 {main}
CRITICAL - 2021-08-20 07:31:51 --> Trying to get property 'usergroupid' of non-object
#0 C:\xampp\htdocs\promise\app\Views\layout\sidebar.php(6): CodeIgniter\Debug\Exceptions->errorHandler(8, 'Trying to get p...', 'C:\\xampp\\htdocs...', 6, Array)
#1 C:\xampp\htdocs\promise\vendor\codeigniter4\framework\system\View\View.php(230): include('C:\\xampp\\htdocs...')
#2 C:\xampp\htdocs\promise\vendor\codeigniter4\framework\system\View\View.php(232): CodeIgniter\View\View->CodeIgniter\View\{closure}()
#3 C:\xampp\htdocs\promise\vendor\codeigniter4\framework\system\View\View.php(487): CodeIgniter\View\View->render('layout/sidebar', NULL, true)
#4 C:\xampp\htdocs\promise\app\Views\layout\templates.php(52): CodeIgniter\View\View->include('layout/sidebar')
#5 C:\xampp\htdocs\promise\vendor\codeigniter4\framework\system\View\View.php(230): include('C:\\xampp\\htdocs...')
#6 C:\xampp\htdocs\promise\vendor\codeigniter4\framework\system\View\View.php(232): CodeIgniter\View\View->CodeIgniter\View\{closure}()
#7 C:\xampp\htdocs\promise\vendor\codeigniter4\framework\system\View\View.php(246): CodeIgniter\View\View->render('layout/template...', Array, true)
#8 C:\xampp\htdocs\promise\vendor\codeigniter4\framework\system\Common.php(1271): CodeIgniter\View\View->render('kerjapraktek/da...', Array, true)
#9 C:\xampp\htdocs\promise\app\Controllers\KerjaPraktek.php(20): view('kerjapraktek/da...', Array)
#10 C:\xampp\htdocs\promise\vendor\codeigniter4\framework\system\CodeIgniter.php(928): App\Controllers\KerjaPraktek->daftarKP()
#11 C:\xampp\htdocs\promise\vendor\codeigniter4\framework\system\CodeIgniter.php(436): CodeIgniter\CodeIgniter->runController(Object(App\Controllers\KerjaPraktek))
#12 C:\xampp\htdocs\promise\vendor\codeigniter4\framework\system\CodeIgniter.php(336): CodeIgniter\CodeIgniter->handleRequest(NULL, Object(Config\Cache), false)
#13 C:\xampp\htdocs\promise\public\index.php(45): CodeIgniter\CodeIgniter->run()
#14 {main}
CRITICAL - 2021-08-20 07:33:33 --> Trying to get property 'usergroupid' of non-object
#0 C:\xampp\htdocs\promise\app\Views\layout\sidebar.php(6): CodeIgniter\Debug\Exceptions->errorHandler(8, 'Trying to get p...', 'C:\\xampp\\htdocs...', 6, Array)
#1 C:\xampp\htdocs\promise\vendor\codeigniter4\framework\system\View\View.php(230): include('C:\\xampp\\htdocs...')
#2 C:\xampp\htdocs\promise\vendor\codeigniter4\framework\system\View\View.php(232): CodeIgniter\View\View->CodeIgniter\View\{closure}()
#3 C:\xampp\htdocs\promise\vendor\codeigniter4\framework\system\View\View.php(487): CodeIgniter\View\View->render('layout/sidebar', NULL, true)
#4 C:\xampp\htdocs\promise\app\Views\layout\templates.php(52): CodeIgniter\View\View->include('layout/sidebar')
#5 C:\xampp\htdocs\promise\vendor\codeigniter4\framework\system\View\View.php(230): include('C:\\xampp\\htdocs...')
#6 C:\xampp\htdocs\promise\vendor\codeigniter4\framework\system\View\View.php(232): CodeIgniter\View\View->CodeIgniter\View\{closure}()
#7 C:\xampp\htdocs\promise\vendor\codeigniter4\framework\system\View\View.php(246): CodeIgniter\View\View->render('layout/template...', Array, true)
#8 C:\xampp\htdocs\promise\vendor\codeigniter4\framework\system\Common.php(1271): CodeIgniter\View\View->render('kerjapraktek/da...', Array, true)
#9 C:\xampp\htdocs\promise\app\Controllers\KerjaPraktek.php(20): view('kerjapraktek/da...', Array)
#10 C:\xampp\htdocs\promise\vendor\codeigniter4\framework\system\CodeIgniter.php(928): App\Controllers\KerjaPraktek->daftarKP()
#11 C:\xampp\htdocs\promise\vendor\codeigniter4\framework\system\CodeIgniter.php(436): CodeIgniter\CodeIgniter->runController(Object(App\Controllers\KerjaPraktek))
#12 C:\xampp\htdocs\promise\vendor\codeigniter4\framework\system\CodeIgniter.php(336): CodeIgniter\CodeIgniter->handleRequest(NULL, Object(Config\Cache), false)
#13 C:\xampp\htdocs\promise\public\index.php(45): CodeIgniter\CodeIgniter->run()
#14 {main}
