CRITICAL - 2021-08-19 09:18:04 --> Invalid file: dashboard/index_Mahasiswa.php
#0 C:\xampp\htdocs\promise\vendor\codeigniter4\framework\system\View\View.php(213): CodeIgniter\Exceptions\FrameworkException::forInvalidFile('dashboard/index...')
#1 C:\xampp\htdocs\promise\vendor\codeigniter4\framework\system\Common.php(1271): CodeIgniter\View\View->render('dashboard/index...', Array, true)
#2 C:\xampp\htdocs\promise\app\Controllers\Dashboard.php(23): view('dashboard/index...', Array)
#3 C:\xampp\htdocs\promise\app\Controllers\Dashboard.php(14): App\Controllers\Dashboard->view_dashboard('Mahasiswa')
#4 C:\xampp\htdocs\promise\vendor\codeigniter4\framework\system\CodeIgniter.php(928): App\Controllers\Dashboard->index()
#5 C:\xampp\htdocs\promise\vendor\codeigniter4\framework\system\CodeIgniter.php(436): CodeIgniter\CodeIgniter->runController(Object(App\Controllers\Dashboard))
#6 C:\xampp\htdocs\promise\vendor\codeigniter4\framework\system\CodeIgniter.php(336): CodeIgniter\CodeIgniter->handleRequest(NULL, Object(Config\Cache), false)
#7 C:\xampp\htdocs\promise\public\index.php(45): CodeIgniter\CodeIgniter->run()
#8 {main}
CRITICAL - 2021-08-19 09:18:53 --> Invalid file: dashboard/index_mahasiswa.php
#0 C:\xampp\htdocs\promise\vendor\codeigniter4\framework\system\View\View.php(213): CodeIgniter\Exceptions\FrameworkException::forInvalidFile('dashboard/index...')
#1 C:\xampp\htdocs\promise\vendor\codeigniter4\framework\system\Common.php(1271): CodeIgniter\View\View->render('dashboard/index...', Array, true)
#2 C:\xampp\htdocs\promise\app\Controllers\Dashboard.php(23): view('dashboard/index...', Array)
#3 C:\xampp\htdocs\promise\app\Controllers\Dashboard.php(14): App\Controllers\Dashboard->view_dashboard('Mahasiswa')
#4 C:\xampp\htdocs\promise\vendor\codeigniter4\framework\system\CodeIgniter.php(928): App\Controllers\Dashboard->index()
#5 C:\xampp\htdocs\promise\vendor\codeigniter4\framework\system\CodeIgniter.php(436): CodeIgniter\CodeIgniter->runController(Object(App\Controllers\Dashboard))
#6 C:\xampp\htdocs\promise\vendor\codeigniter4\framework\system\CodeIgniter.php(336): CodeIgniter\CodeIgniter->handleRequest(NULL, Object(Config\Cache), false)
#7 C:\xampp\htdocs\promise\public\index.php(45): CodeIgniter\CodeIgniter->run()
#8 {main}
CRITICAL - 2021-08-19 10:51:21 --> Invalid file: dashboard/index_administrator.php
#0 C:\xampp\htdocs\promise\vendor\codeigniter4\framework\system\View\View.php(213): CodeIgniter\Exceptions\FrameworkException::forInvalidFile('dashboard/index...')
#1 C:\xampp\htdocs\promise\vendor\codeigniter4\framework\system\Common.php(1271): CodeIgniter\View\View->render('dashboard/index...', Array, true)
#2 C:\xampp\htdocs\promise\app\Controllers\Dashboard.php(23): view('dashboard/index...', Array)
#3 C:\xampp\htdocs\promise\app\Controllers\Dashboard.php(14): App\Controllers\Dashboard->view_dashboard('Administrator')
#4 C:\xampp\htdocs\promise\vendor\codeigniter4\framework\system\CodeIgniter.php(928): App\Controllers\Dashboard->index()
#5 C:\xampp\htdocs\promise\vendor\codeigniter4\framework\system\CodeIgniter.php(436): CodeIgniter\CodeIgniter->runController(Object(App\Controllers\Dashboard))
#6 C:\xampp\htdocs\promise\vendor\codeigniter4\framework\system\CodeIgniter.php(336): CodeIgniter\CodeIgniter->handleRequest(NULL, Object(Config\Cache), false)
#7 C:\xampp\htdocs\promise\public\index.php(45): CodeIgniter\CodeIgniter->run()
#8 {main}
CRITICAL - 2021-08-19 10:52:27 --> Invalid file: dashboard/index_index.php
#0 C:\xampp\htdocs\promise\vendor\codeigniter4\framework\system\View\View.php(213): CodeIgniter\Exceptions\FrameworkException::forInvalidFile('dashboard/index...')
#1 C:\xampp\htdocs\promise\vendor\codeigniter4\framework\system\Common.php(1271): CodeIgniter\View\View->render('dashboard/index...', Array, true)
#2 C:\xampp\htdocs\promise\app\Controllers\Dashboard.php(23): view('dashboard/index...', Array)
#3 C:\xampp\htdocs\promise\app\Controllers\Dashboard.php(14): App\Controllers\Dashboard->view_dashboard('Administrator')
#4 C:\xampp\htdocs\promise\vendor\codeigniter4\framework\system\CodeIgniter.php(928): App\Controllers\Dashboard->index()
#5 C:\xampp\htdocs\promise\vendor\codeigniter4\framework\system\CodeIgniter.php(436): CodeIgniter\CodeIgniter->runController(Object(App\Controllers\Dashboard))
#6 C:\xampp\htdocs\promise\vendor\codeigniter4\framework\system\CodeIgniter.php(336): CodeIgniter\CodeIgniter->handleRequest(NULL, Object(Config\Cache), false)
#7 C:\xampp\htdocs\promise\public\index.php(45): CodeIgniter\CodeIgniter->run()
#8 {main}
CRITICAL - 2021-08-19 10:52:28 --> Invalid file: dashboard/index_index.php
#0 C:\xampp\htdocs\promise\vendor\codeigniter4\framework\system\View\View.php(213): CodeIgniter\Exceptions\FrameworkException::forInvalidFile('dashboard/index...')
#1 C:\xampp\htdocs\promise\vendor\codeigniter4\framework\system\Common.php(1271): CodeIgniter\View\View->render('dashboard/index...', Array, true)
#2 C:\xampp\htdocs\promise\app\Controllers\Dashboard.php(23): view('dashboard/index...', Array)
#3 C:\xampp\htdocs\promise\app\Controllers\Dashboard.php(14): App\Controllers\Dashboard->view_dashboard('Administrator')
#4 C:\xampp\htdocs\promise\vendor\codeigniter4\framework\system\CodeIgniter.php(928): App\Controllers\Dashboard->index()
#5 C:\xampp\htdocs\promise\vendor\codeigniter4\framework\system\CodeIgniter.php(436): CodeIgniter\CodeIgniter->runController(Object(App\Controllers\Dashboard))
#6 C:\xampp\htdocs\promise\vendor\codeigniter4\framework\system\CodeIgniter.php(336): CodeIgniter\CodeIgniter->handleRequest(NULL, Object(Config\Cache), false)
#7 C:\xampp\htdocs\promise\public\index.php(45): CodeIgniter\CodeIgniter->run()
#8 {main}
CRITICAL - 2021-08-19 10:56:07 --> Invalid file: dashboard/index_bagian pelayanan akademik.php
#0 C:\xampp\htdocs\promise\vendor\codeigniter4\framework\system\View\View.php(213): CodeIgniter\Exceptions\FrameworkException::forInvalidFile('dashboard/index...')
#1 C:\xampp\htdocs\promise\vendor\codeigniter4\framework\system\Common.php(1271): CodeIgniter\View\View->render('dashboard/index...', Array, true)
#2 C:\xampp\htdocs\promise\app\Controllers\Dashboard.php(23): view('dashboard/index...', Array)
#3 C:\xampp\htdocs\promise\vendor\codeigniter4\framework\system\CodeIgniter.php(928): App\Controllers\Dashboard->view_dashboard('Bagian Pelayana...')
#4 C:\xampp\htdocs\promise\vendor\codeigniter4\framework\system\CodeIgniter.php(436): CodeIgniter\CodeIgniter->runController(Object(App\Controllers\Dashboard))
#5 C:\xampp\htdocs\promise\vendor\codeigniter4\framework\system\CodeIgniter.php(336): CodeIgniter\CodeIgniter->handleRequest(NULL, Object(Config\Cache), false)
#6 C:\xampp\htdocs\promise\public\index.php(45): CodeIgniter\CodeIgniter->run()
#7 {main}
CRITICAL - 2021-08-19 10:59:40 --> Invalid file: dashboard/index_bagian_pelayanan_akademik.php
#0 C:\xampp\htdocs\promise\vendor\codeigniter4\framework\system\View\View.php(213): CodeIgniter\Exceptions\FrameworkException::forInvalidFile('dashboard/index...')
#1 C:\xampp\htdocs\promise\vendor\codeigniter4\framework\system\Common.php(1271): CodeIgniter\View\View->render('dashboard/index...', Array, true)
#2 C:\xampp\htdocs\promise\app\Controllers\Dashboard.php(23): view('dashboard/index...', Array)
#3 C:\xampp\htdocs\promise\vendor\codeigniter4\framework\system\CodeIgniter.php(928): App\Controllers\Dashboard->view_dashboard('Bagian Pelayana...')
#4 C:\xampp\htdocs\promise\vendor\codeigniter4\framework\system\CodeIgniter.php(436): CodeIgniter\CodeIgniter->runController(Object(App\Controllers\Dashboard))
#5 C:\xampp\htdocs\promise\vendor\codeigniter4\framework\system\CodeIgniter.php(336): CodeIgniter\CodeIgniter->handleRequest(NULL, Object(Config\Cache), false)
#6 C:\xampp\htdocs\promise\public\index.php(45): CodeIgniter\CodeIgniter->run()
#7 {main}
