CRITICAL - 2021-06-23 05:42:45 --> Undefined variable: config
#0 C:\xampp\htdocs\promise\app\Views\template\landing-page.php(53): CodeIgniter\Debug\Exceptions->errorHandler(8, 'Undefined varia...', 'C:\\xampp\\htdocs...', 53, Array)
#1 C:\xampp\htdocs\promise\vendor\codeigniter4\framework\system\View\View.php(230): include('C:\\xampp\\htdocs...')
#2 C:\xampp\htdocs\promise\vendor\codeigniter4\framework\system\View\View.php(232): CodeIgniter\View\View->CodeIgniter\View\{closure}()
#3 C:\xampp\htdocs\promise\vendor\codeigniter4\framework\system\Common.php(1271): CodeIgniter\View\View->render('template/landin...', Array, true)
#4 C:\xampp\htdocs\promise\app\Controllers\Home.php(11): view('template/landin...')
#5 C:\xampp\htdocs\promise\vendor\codeigniter4\framework\system\CodeIgniter.php(928): App\Controllers\Home->index()
#6 C:\xampp\htdocs\promise\vendor\codeigniter4\framework\system\CodeIgniter.php(436): CodeIgniter\CodeIgniter->runController(Object(App\Controllers\Home))
#7 C:\xampp\htdocs\promise\vendor\codeigniter4\framework\system\CodeIgniter.php(336): CodeIgniter\CodeIgniter->handleRequest(NULL, Object(Config\Cache), false)
#8 C:\xampp\htdocs\promise\public\index.php(36): CodeIgniter\CodeIgniter->run()
#9 {main}
CRITICAL - 2021-06-23 05:46:07 --> Class 'agungsugiarto\boilerplate\Config\BaseController' not found
#0 C:\xampp\htdocs\promise\vendor\codeigniter4\framework\system\Autoloader\Autoloader.php(300): include_once()
#1 C:\xampp\htdocs\promise\vendor\codeigniter4\framework\system\Autoloader\Autoloader.php(273): CodeIgniter\Autoloader\Autoloader->includeFile('C:\\xampp\\htdocs...')
#2 C:\xampp\htdocs\promise\vendor\codeigniter4\framework\system\Autoloader\Autoloader.php(247): CodeIgniter\Autoloader\Autoloader->loadInNamespace('App\\Controllers...')
#3 [internal function]: CodeIgniter\Autoloader\Autoloader->loadClass('App\\Controllers...')
#4 [internal function]: spl_autoload_call('App\\Controllers...')
#5 C:\xampp\htdocs\promise\vendor\codeigniter4\framework\system\CodeIgniter.php(885): class_exists('\\App\\Controller...', true)
#6 C:\xampp\htdocs\promise\vendor\codeigniter4\framework\system\CodeIgniter.php(421): CodeIgniter\CodeIgniter->startController()
#7 C:\xampp\htdocs\promise\vendor\codeigniter4\framework\system\CodeIgniter.php(336): CodeIgniter\CodeIgniter->handleRequest(NULL, Object(Config\Cache), false)
#8 C:\xampp\htdocs\promise\public\index.php(36): CodeIgniter\CodeIgniter->run()
#9 {main}
CRITICAL - 2021-06-23 05:47:39 --> Class 'vendor\agungsugiarto\boilerplate\Config\BaseController' not found
#0 C:\xampp\htdocs\promise\vendor\codeigniter4\framework\system\Autoloader\Autoloader.php(300): include_once()
#1 C:\xampp\htdocs\promise\vendor\codeigniter4\framework\system\Autoloader\Autoloader.php(273): CodeIgniter\Autoloader\Autoloader->includeFile('C:\\xampp\\htdocs...')
#2 C:\xampp\htdocs\promise\vendor\codeigniter4\framework\system\Autoloader\Autoloader.php(247): CodeIgniter\Autoloader\Autoloader->loadInNamespace('App\\Controllers...')
#3 [internal function]: CodeIgniter\Autoloader\Autoloader->loadClass('App\\Controllers...')
#4 [internal function]: spl_autoload_call('App\\Controllers...')
#5 C:\xampp\htdocs\promise\vendor\codeigniter4\framework\system\CodeIgniter.php(885): class_exists('\\App\\Controller...', true)
#6 C:\xampp\htdocs\promise\vendor\codeigniter4\framework\system\CodeIgniter.php(421): CodeIgniter\CodeIgniter->startController()
#7 C:\xampp\htdocs\promise\vendor\codeigniter4\framework\system\CodeIgniter.php(336): CodeIgniter\CodeIgniter->handleRequest(NULL, Object(Config\Cache), false)
#8 C:\xampp\htdocs\promise\public\index.php(36): CodeIgniter\CodeIgniter->run()
#9 {main}
CRITICAL - 2021-06-23 05:49:56 --> Undefined variable: config
#0 C:\xampp\htdocs\promise\app\Views\template\landing-page.php(53): CodeIgniter\Debug\Exceptions->errorHandler(8, 'Undefined varia...', 'C:\\xampp\\htdocs...', 53, Array)
#1 C:\xampp\htdocs\promise\vendor\codeigniter4\framework\system\View\View.php(230): include('C:\\xampp\\htdocs...')
#2 C:\xampp\htdocs\promise\vendor\codeigniter4\framework\system\View\View.php(232): CodeIgniter\View\View->CodeIgniter\View\{closure}()
#3 C:\xampp\htdocs\promise\vendor\codeigniter4\framework\system\Common.php(1271): CodeIgniter\View\View->render('template/landin...', Array, true)
#4 C:\xampp\htdocs\promise\app\Controllers\Home.php(13): view('template/landin...')
#5 C:\xampp\htdocs\promise\vendor\codeigniter4\framework\system\CodeIgniter.php(928): App\Controllers\Home->index()
#6 C:\xampp\htdocs\promise\vendor\codeigniter4\framework\system\CodeIgniter.php(436): CodeIgniter\CodeIgniter->runController(Object(App\Controllers\Home))
#7 C:\xampp\htdocs\promise\vendor\codeigniter4\framework\system\CodeIgniter.php(336): CodeIgniter\CodeIgniter->handleRequest(NULL, Object(Config\Cache), false)
#8 C:\xampp\htdocs\promise\public\index.php(36): CodeIgniter\CodeIgniter->run()
#9 {main}
CRITICAL - 2021-06-23 09:10:44 --> Undefined variable: config
#0 C:\xampp\htdocs\promise\app\Views\template\landing-page.php(53): CodeIgniter\Debug\Exceptions->errorHandler(8, 'Undefined varia...', 'C:\\xampp\\htdocs...', 53, Array)
#1 C:\xampp\htdocs\promise\vendor\codeigniter4\framework\system\View\View.php(230): include('C:\\xampp\\htdocs...')
#2 C:\xampp\htdocs\promise\vendor\codeigniter4\framework\system\View\View.php(232): CodeIgniter\View\View->CodeIgniter\View\{closure}()
#3 C:\xampp\htdocs\promise\vendor\codeigniter4\framework\system\Common.php(1271): CodeIgniter\View\View->render('template/landin...', Array, true)
#4 C:\xampp\htdocs\promise\app\Controllers\Home.php(11): view('template/landin...')
#5 C:\xampp\htdocs\promise\vendor\codeigniter4\framework\system\CodeIgniter.php(928): App\Controllers\Home->index()
#6 C:\xampp\htdocs\promise\vendor\codeigniter4\framework\system\CodeIgniter.php(436): CodeIgniter\CodeIgniter->runController(Object(App\Controllers\Home))
#7 C:\xampp\htdocs\promise\vendor\codeigniter4\framework\system\CodeIgniter.php(336): CodeIgniter\CodeIgniter->handleRequest(NULL, Object(Config\Cache), false)
#8 C:\xampp\htdocs\promise\public\index.php(36): CodeIgniter\CodeIgniter->run()
#9 {main}
CRITICAL - 2021-06-23 09:12:56 --> Undefined variable: config
#0 C:\xampp\htdocs\promise\app\Views\template\landing-page.php(53): CodeIgniter\Debug\Exceptions->errorHandler(8, 'Undefined varia...', 'C:\\xampp\\htdocs...', 53, Array)
#1 C:\xampp\htdocs\promise\vendor\codeigniter4\framework\system\View\View.php(230): include('C:\\xampp\\htdocs...')
#2 C:\xampp\htdocs\promise\vendor\codeigniter4\framework\system\View\View.php(232): CodeIgniter\View\View->CodeIgniter\View\{closure}()
#3 C:\xampp\htdocs\promise\vendor\codeigniter4\framework\system\Common.php(1271): CodeIgniter\View\View->render('template/landin...', Array, true)
#4 C:\xampp\htdocs\promise\app\Controllers\Home.php(13): view('template/landin...')
#5 C:\xampp\htdocs\promise\vendor\codeigniter4\framework\system\CodeIgniter.php(928): App\Controllers\Home->index()
#6 C:\xampp\htdocs\promise\vendor\codeigniter4\framework\system\CodeIgniter.php(436): CodeIgniter\CodeIgniter->runController(Object(App\Controllers\Home))
#7 C:\xampp\htdocs\promise\vendor\codeigniter4\framework\system\CodeIgniter.php(336): CodeIgniter\CodeIgniter->handleRequest(NULL, Object(Config\Cache), false)
#8 C:\xampp\htdocs\promise\public\index.php(36): CodeIgniter\CodeIgniter->run()
#9 {main}
CRITICAL - 2021-06-23 09:12:57 --> Undefined variable: config
#0 C:\xampp\htdocs\promise\app\Views\template\landing-page.php(53): CodeIgniter\Debug\Exceptions->errorHandler(8, 'Undefined varia...', 'C:\\xampp\\htdocs...', 53, Array)
#1 C:\xampp\htdocs\promise\vendor\codeigniter4\framework\system\View\View.php(230): include('C:\\xampp\\htdocs...')
#2 C:\xampp\htdocs\promise\vendor\codeigniter4\framework\system\View\View.php(232): CodeIgniter\View\View->CodeIgniter\View\{closure}()
#3 C:\xampp\htdocs\promise\vendor\codeigniter4\framework\system\Common.php(1271): CodeIgniter\View\View->render('template/landin...', Array, true)
#4 C:\xampp\htdocs\promise\app\Controllers\Home.php(13): view('template/landin...')
#5 C:\xampp\htdocs\promise\vendor\codeigniter4\framework\system\CodeIgniter.php(928): App\Controllers\Home->index()
#6 C:\xampp\htdocs\promise\vendor\codeigniter4\framework\system\CodeIgniter.php(436): CodeIgniter\CodeIgniter->runController(Object(App\Controllers\Home))
#7 C:\xampp\htdocs\promise\vendor\codeigniter4\framework\system\CodeIgniter.php(336): CodeIgniter\CodeIgniter->handleRequest(NULL, Object(Config\Cache), false)
#8 C:\xampp\htdocs\promise\public\index.php(36): CodeIgniter\CodeIgniter->run()
#9 {main}
CRITICAL - 2021-06-23 09:12:58 --> Undefined variable: config
#0 C:\xampp\htdocs\promise\app\Views\template\landing-page.php(53): CodeIgniter\Debug\Exceptions->errorHandler(8, 'Undefined varia...', 'C:\\xampp\\htdocs...', 53, Array)
#1 C:\xampp\htdocs\promise\vendor\codeigniter4\framework\system\View\View.php(230): include('C:\\xampp\\htdocs...')
#2 C:\xampp\htdocs\promise\vendor\codeigniter4\framework\system\View\View.php(232): CodeIgniter\View\View->CodeIgniter\View\{closure}()
#3 C:\xampp\htdocs\promise\vendor\codeigniter4\framework\system\Common.php(1271): CodeIgniter\View\View->render('template/landin...', Array, true)
#4 C:\xampp\htdocs\promise\app\Controllers\Home.php(13): view('template/landin...')
#5 C:\xampp\htdocs\promise\vendor\codeigniter4\framework\system\CodeIgniter.php(928): App\Controllers\Home->index()
#6 C:\xampp\htdocs\promise\vendor\codeigniter4\framework\system\CodeIgniter.php(436): CodeIgniter\CodeIgniter->runController(Object(App\Controllers\Home))
#7 C:\xampp\htdocs\promise\vendor\codeigniter4\framework\system\CodeIgniter.php(336): CodeIgniter\CodeIgniter->handleRequest(NULL, Object(Config\Cache), false)
#8 C:\xampp\htdocs\promise\public\index.php(36): CodeIgniter\CodeIgniter->run()
#9 {main}
CRITICAL - 2021-06-23 09:15:17 --> Undefined variable: config
#0 C:\xampp\htdocs\promise\app\Views\template\landing-page.php(53): CodeIgniter\Debug\Exceptions->errorHandler(8, 'Undefined varia...', 'C:\\xampp\\htdocs...', 53, Array)
#1 C:\xampp\htdocs\promise\vendor\codeigniter4\framework\system\View\View.php(230): include('C:\\xampp\\htdocs...')
#2 C:\xampp\htdocs\promise\vendor\codeigniter4\framework\system\View\View.php(232): CodeIgniter\View\View->CodeIgniter\View\{closure}()
#3 C:\xampp\htdocs\promise\vendor\codeigniter4\framework\system\Common.php(1271): CodeIgniter\View\View->render('template/landin...', Array, true)
#4 C:\xampp\htdocs\promise\app\Controllers\Home.php(15): view('template/landin...')
#5 C:\xampp\htdocs\promise\vendor\codeigniter4\framework\system\CodeIgniter.php(928): App\Controllers\Home->index()
#6 C:\xampp\htdocs\promise\vendor\codeigniter4\framework\system\CodeIgniter.php(436): CodeIgniter\CodeIgniter->runController(Object(App\Controllers\Home))
#7 C:\xampp\htdocs\promise\vendor\codeigniter4\framework\system\CodeIgniter.php(336): CodeIgniter\CodeIgniter->handleRequest(NULL, Object(Config\Cache), false)
#8 C:\xampp\htdocs\promise\public\index.php(36): CodeIgniter\CodeIgniter->run()
#9 {main}
CRITICAL - 2021-06-23 09:15:18 --> Undefined variable: config
#0 C:\xampp\htdocs\promise\app\Views\template\landing-page.php(53): CodeIgniter\Debug\Exceptions->errorHandler(8, 'Undefined varia...', 'C:\\xampp\\htdocs...', 53, Array)
#1 C:\xampp\htdocs\promise\vendor\codeigniter4\framework\system\View\View.php(230): include('C:\\xampp\\htdocs...')
#2 C:\xampp\htdocs\promise\vendor\codeigniter4\framework\system\View\View.php(232): CodeIgniter\View\View->CodeIgniter\View\{closure}()
#3 C:\xampp\htdocs\promise\vendor\codeigniter4\framework\system\Common.php(1271): CodeIgniter\View\View->render('template/landin...', Array, true)
#4 C:\xampp\htdocs\promise\app\Controllers\Home.php(15): view('template/landin...')
#5 C:\xampp\htdocs\promise\vendor\codeigniter4\framework\system\CodeIgniter.php(928): App\Controllers\Home->index()
#6 C:\xampp\htdocs\promise\vendor\codeigniter4\framework\system\CodeIgniter.php(436): CodeIgniter\CodeIgniter->runController(Object(App\Controllers\Home))
#7 C:\xampp\htdocs\promise\vendor\codeigniter4\framework\system\CodeIgniter.php(336): CodeIgniter\CodeIgniter->handleRequest(NULL, Object(Config\Cache), false)
#8 C:\xampp\htdocs\promise\public\index.php(36): CodeIgniter\CodeIgniter->run()
#9 {main}
CRITICAL - 2021-06-23 09:23:17 --> Undefined variable: config
#0 C:\xampp\htdocs\promise\app\Views\template\landing-page.php(53): CodeIgniter\Debug\Exceptions->errorHandler(8, 'Undefined varia...', 'C:\\xampp\\htdocs...', 53, Array)
#1 C:\xampp\htdocs\promise\vendor\codeigniter4\framework\system\View\View.php(230): include('C:\\xampp\\htdocs...')
#2 C:\xampp\htdocs\promise\vendor\codeigniter4\framework\system\View\View.php(232): CodeIgniter\View\View->CodeIgniter\View\{closure}()
#3 C:\xampp\htdocs\promise\vendor\codeigniter4\framework\system\Common.php(1271): CodeIgniter\View\View->render('template/landin...', Array, true)
#4 C:\xampp\htdocs\promise\app\Controllers\Home.php(18): view('template/landin...')
#5 C:\xampp\htdocs\promise\vendor\codeigniter4\framework\system\CodeIgniter.php(928): App\Controllers\Home->index()
#6 C:\xampp\htdocs\promise\vendor\codeigniter4\framework\system\CodeIgniter.php(436): CodeIgniter\CodeIgniter->runController(Object(App\Controllers\Home))
#7 C:\xampp\htdocs\promise\vendor\codeigniter4\framework\system\CodeIgniter.php(336): CodeIgniter\CodeIgniter->handleRequest(NULL, Object(Config\Cache), false)
#8 C:\xampp\htdocs\promise\public\index.php(36): CodeIgniter\CodeIgniter->run()
#9 {main}
CRITICAL - 2021-06-23 09:23:18 --> Undefined variable: config
#0 C:\xampp\htdocs\promise\app\Views\template\landing-page.php(53): CodeIgniter\Debug\Exceptions->errorHandler(8, 'Undefined varia...', 'C:\\xampp\\htdocs...', 53, Array)
#1 C:\xampp\htdocs\promise\vendor\codeigniter4\framework\system\View\View.php(230): include('C:\\xampp\\htdocs...')
#2 C:\xampp\htdocs\promise\vendor\codeigniter4\framework\system\View\View.php(232): CodeIgniter\View\View->CodeIgniter\View\{closure}()
#3 C:\xampp\htdocs\promise\vendor\codeigniter4\framework\system\Common.php(1271): CodeIgniter\View\View->render('template/landin...', Array, true)
#4 C:\xampp\htdocs\promise\app\Controllers\Home.php(18): view('template/landin...')
#5 C:\xampp\htdocs\promise\vendor\codeigniter4\framework\system\CodeIgniter.php(928): App\Controllers\Home->index()
#6 C:\xampp\htdocs\promise\vendor\codeigniter4\framework\system\CodeIgniter.php(436): CodeIgniter\CodeIgniter->runController(Object(App\Controllers\Home))
#7 C:\xampp\htdocs\promise\vendor\codeigniter4\framework\system\CodeIgniter.php(336): CodeIgniter\CodeIgniter->handleRequest(NULL, Object(Config\Cache), false)
#8 C:\xampp\htdocs\promise\public\index.php(36): CodeIgniter\CodeIgniter->run()
#9 {main}
CRITICAL - 2021-06-23 09:26:47 --> Class 'App\Controllers\Services' not found
#0 C:\xampp\htdocs\promise\vendor\codeigniter4\framework\system\CodeIgniter.php(901): App\Controllers\BaseController->initController(Object(CodeIgniter\HTTP\IncomingRequest), Object(CodeIgniter\HTTP\Response), Object(CodeIgniter\Log\Logger))
#1 C:\xampp\htdocs\promise\vendor\codeigniter4\framework\system\CodeIgniter.php(426): CodeIgniter\CodeIgniter->createController()
#2 C:\xampp\htdocs\promise\vendor\codeigniter4\framework\system\CodeIgniter.php(336): CodeIgniter\CodeIgniter->handleRequest(NULL, Object(Config\Cache), false)
#3 C:\xampp\htdocs\promise\public\index.php(36): CodeIgniter\CodeIgniter->run()
#4 {main}
CRITICAL - 2021-06-23 09:27:56 --> Undefined variable: config
#0 C:\xampp\htdocs\promise\app\Views\template\landing-page.php(53): CodeIgniter\Debug\Exceptions->errorHandler(8, 'Undefined varia...', 'C:\\xampp\\htdocs...', 53, Array)
#1 C:\xampp\htdocs\promise\vendor\codeigniter4\framework\system\View\View.php(230): include('C:\\xampp\\htdocs...')
#2 C:\xampp\htdocs\promise\vendor\codeigniter4\framework\system\View\View.php(232): CodeIgniter\View\View->CodeIgniter\View\{closure}()
#3 C:\xampp\htdocs\promise\vendor\codeigniter4\framework\system\Common.php(1271): CodeIgniter\View\View->render('template/landin...', Array, true)
#4 C:\xampp\htdocs\promise\app\Controllers\Home.php(14): view('template/landin...')
#5 C:\xampp\htdocs\promise\vendor\codeigniter4\framework\system\CodeIgniter.php(928): App\Controllers\Home->index()
#6 C:\xampp\htdocs\promise\vendor\codeigniter4\framework\system\CodeIgniter.php(436): CodeIgniter\CodeIgniter->runController(Object(App\Controllers\Home))
#7 C:\xampp\htdocs\promise\vendor\codeigniter4\framework\system\CodeIgniter.php(336): CodeIgniter\CodeIgniter->handleRequest(NULL, Object(Config\Cache), false)
#8 C:\xampp\htdocs\promise\public\index.php(36): CodeIgniter\CodeIgniter->run()
#9 {main}
CRITICAL - 2021-06-23 09:31:57 --> Undefined variable: config
#0 C:\xampp\htdocs\promise\app\Views\template\landing-page.php(53): CodeIgniter\Debug\Exceptions->errorHandler(8, 'Undefined varia...', 'C:\\xampp\\htdocs...', 53, Array)
#1 C:\xampp\htdocs\promise\vendor\codeigniter4\framework\system\View\View.php(230): include('C:\\xampp\\htdocs...')
#2 C:\xampp\htdocs\promise\vendor\codeigniter4\framework\system\View\View.php(232): CodeIgniter\View\View->CodeIgniter\View\{closure}()
#3 C:\xampp\htdocs\promise\vendor\codeigniter4\framework\system\Common.php(1271): CodeIgniter\View\View->render('template/landin...', Array, true)
#4 C:\xampp\htdocs\promise\app\Controllers\Home.php(14): view('template/landin...', Array)
#5 C:\xampp\htdocs\promise\vendor\codeigniter4\framework\system\CodeIgniter.php(928): App\Controllers\Home->index()
#6 C:\xampp\htdocs\promise\vendor\codeigniter4\framework\system\CodeIgniter.php(436): CodeIgniter\CodeIgniter->runController(Object(App\Controllers\Home))
#7 C:\xampp\htdocs\promise\vendor\codeigniter4\framework\system\CodeIgniter.php(336): CodeIgniter\CodeIgniter->handleRequest(NULL, Object(Config\Cache), false)
#8 C:\xampp\htdocs\promise\public\index.php(36): CodeIgniter\CodeIgniter->run()
#9 {main}
CRITICAL - 2021-06-23 09:33:03 --> Undefined property: App\Controllers\Home::$config
#0 C:\xampp\htdocs\promise\app\Controllers\Home.php(11): CodeIgniter\Debug\Exceptions->errorHandler(8, 'Undefined prope...', 'C:\\xampp\\htdocs...', 11, Array)
#1 C:\xampp\htdocs\promise\vendor\codeigniter4\framework\system\CodeIgniter.php(928): App\Controllers\Home->index()
#2 C:\xampp\htdocs\promise\vendor\codeigniter4\framework\system\CodeIgniter.php(436): CodeIgniter\CodeIgniter->runController(Object(App\Controllers\Home))
#3 C:\xampp\htdocs\promise\vendor\codeigniter4\framework\system\CodeIgniter.php(336): CodeIgniter\CodeIgniter->handleRequest(NULL, Object(Config\Cache), false)
#4 C:\xampp\htdocs\promise\public\index.php(36): CodeIgniter\CodeIgniter->run()
#5 {main}
CRITICAL - 2021-06-23 09:33:31 --> Undefined variable: auth
#0 C:\xampp\htdocs\promise\app\Controllers\Home.php(11): CodeIgniter\Debug\Exceptions->errorHandler(8, 'Undefined varia...', 'C:\\xampp\\htdocs...', 11, Array)
#1 C:\xampp\htdocs\promise\vendor\codeigniter4\framework\system\CodeIgniter.php(928): App\Controllers\Home->index()
#2 C:\xampp\htdocs\promise\vendor\codeigniter4\framework\system\CodeIgniter.php(436): CodeIgniter\CodeIgniter->runController(Object(App\Controllers\Home))
#3 C:\xampp\htdocs\promise\vendor\codeigniter4\framework\system\CodeIgniter.php(336): CodeIgniter\CodeIgniter->handleRequest(NULL, Object(Config\Cache), false)
#4 C:\xampp\htdocs\promise\public\index.php(36): CodeIgniter\CodeIgniter->run()
#5 {main}
CRITICAL - 2021-06-23 09:33:33 --> Undefined variable: auth
#0 C:\xampp\htdocs\promise\app\Controllers\Home.php(11): CodeIgniter\Debug\Exceptions->errorHandler(8, 'Undefined varia...', 'C:\\xampp\\htdocs...', 11, Array)
#1 C:\xampp\htdocs\promise\vendor\codeigniter4\framework\system\CodeIgniter.php(928): App\Controllers\Home->index()
#2 C:\xampp\htdocs\promise\vendor\codeigniter4\framework\system\CodeIgniter.php(436): CodeIgniter\CodeIgniter->runController(Object(App\Controllers\Home))
#3 C:\xampp\htdocs\promise\vendor\codeigniter4\framework\system\CodeIgniter.php(336): CodeIgniter\CodeIgniter->handleRequest(NULL, Object(Config\Cache), false)
#4 C:\xampp\htdocs\promise\public\index.php(36): CodeIgniter\CodeIgniter->run()
#5 {main}
CRITICAL - 2021-06-23 09:34:49 --> Undefined property: Myth\Auth\Authentication\LocalAuthenticator::$validFields
#0 C:\xampp\htdocs\promise\app\Views\template\landing-page.php(53): CodeIgniter\Debug\Exceptions->errorHandler(8, 'Undefined prope...', 'C:\\xampp\\htdocs...', 53, Array)
#1 C:\xampp\htdocs\promise\vendor\codeigniter4\framework\system\View\View.php(230): include('C:\\xampp\\htdocs...')
#2 C:\xampp\htdocs\promise\vendor\codeigniter4\framework\system\View\View.php(232): CodeIgniter\View\View->CodeIgniter\View\{closure}()
#3 C:\xampp\htdocs\promise\vendor\codeigniter4\framework\system\Common.php(1271): CodeIgniter\View\View->render('template/landin...', Array, true)
#4 C:\xampp\htdocs\promise\app\Controllers\Home.php(15): view('template/landin...', Array)
#5 C:\xampp\htdocs\promise\vendor\codeigniter4\framework\system\CodeIgniter.php(928): App\Controllers\Home->index()
#6 C:\xampp\htdocs\promise\vendor\codeigniter4\framework\system\CodeIgniter.php(436): CodeIgniter\CodeIgniter->runController(Object(App\Controllers\Home))
#7 C:\xampp\htdocs\promise\vendor\codeigniter4\framework\system\CodeIgniter.php(336): CodeIgniter\CodeIgniter->handleRequest(NULL, Object(Config\Cache), false)
#8 C:\xampp\htdocs\promise\public\index.php(36): CodeIgniter\CodeIgniter->run()
#9 {main}
CRITICAL - 2021-06-23 09:37:02 --> Undefined property: Myth\Auth\Authentication\LocalAuthenticator::$validFields
#0 C:\xampp\htdocs\promise\app\Views\template\landing-page.php(53): CodeIgniter\Debug\Exceptions->errorHandler(8, 'Undefined prope...', 'C:\\xampp\\htdocs...', 53, Array)
#1 C:\xampp\htdocs\promise\vendor\codeigniter4\framework\system\View\View.php(230): include('C:\\xampp\\htdocs...')
#2 C:\xampp\htdocs\promise\vendor\codeigniter4\framework\system\View\View.php(232): CodeIgniter\View\View->CodeIgniter\View\{closure}()
#3 C:\xampp\htdocs\promise\vendor\codeigniter4\framework\system\Common.php(1271): CodeIgniter\View\View->render('template/landin...', Array, true)
#4 C:\xampp\htdocs\promise\app\Controllers\Home.php(15): view('template/landin...', Array)
#5 C:\xampp\htdocs\promise\vendor\codeigniter4\framework\system\CodeIgniter.php(928): App\Controllers\Home->index()
#6 C:\xampp\htdocs\promise\vendor\codeigniter4\framework\system\CodeIgniter.php(436): CodeIgniter\CodeIgniter->runController(Object(App\Controllers\Home))
#7 C:\xampp\htdocs\promise\vendor\codeigniter4\framework\system\CodeIgniter.php(336): CodeIgniter\CodeIgniter->handleRequest(NULL, Object(Config\Cache), false)
#8 C:\xampp\htdocs\promise\public\index.php(36): CodeIgniter\CodeIgniter->run()
#9 {main}
CRITICAL - 2021-06-23 09:37:03 --> Undefined property: Myth\Auth\Authentication\LocalAuthenticator::$validFields
#0 C:\xampp\htdocs\promise\app\Views\template\landing-page.php(53): CodeIgniter\Debug\Exceptions->errorHandler(8, 'Undefined prope...', 'C:\\xampp\\htdocs...', 53, Array)
#1 C:\xampp\htdocs\promise\vendor\codeigniter4\framework\system\View\View.php(230): include('C:\\xampp\\htdocs...')
#2 C:\xampp\htdocs\promise\vendor\codeigniter4\framework\system\View\View.php(232): CodeIgniter\View\View->CodeIgniter\View\{closure}()
#3 C:\xampp\htdocs\promise\vendor\codeigniter4\framework\system\Common.php(1271): CodeIgniter\View\View->render('template/landin...', Array, true)
#4 C:\xampp\htdocs\promise\app\Controllers\Home.php(15): view('template/landin...', Array)
#5 C:\xampp\htdocs\promise\vendor\codeigniter4\framework\system\CodeIgniter.php(928): App\Controllers\Home->index()
#6 C:\xampp\htdocs\promise\vendor\codeigniter4\framework\system\CodeIgniter.php(436): CodeIgniter\CodeIgniter->runController(Object(App\Controllers\Home))
#7 C:\xampp\htdocs\promise\vendor\codeigniter4\framework\system\CodeIgniter.php(336): CodeIgniter\CodeIgniter->handleRequest(NULL, Object(Config\Cache), false)
#8 C:\xampp\htdocs\promise\public\index.php(36): CodeIgniter\CodeIgniter->run()
#9 {main}
CRITICAL - 2021-06-23 09:38:16 --> Undefined variable: config
#0 C:\xampp\htdocs\promise\app\Views\template\landing-page.php(53): CodeIgniter\Debug\Exceptions->errorHandler(8, 'Undefined varia...', 'C:\\xampp\\htdocs...', 53, Array)
#1 C:\xampp\htdocs\promise\vendor\codeigniter4\framework\system\View\View.php(230): include('C:\\xampp\\htdocs...')
#2 C:\xampp\htdocs\promise\vendor\codeigniter4\framework\system\View\View.php(232): CodeIgniter\View\View->CodeIgniter\View\{closure}()
#3 C:\xampp\htdocs\promise\vendor\codeigniter4\framework\system\Common.php(1271): CodeIgniter\View\View->render('template/landin...', Array, true)
#4 C:\xampp\htdocs\promise\app\Controllers\Home.php(11): view('template/landin...')
#5 C:\xampp\htdocs\promise\vendor\codeigniter4\framework\system\CodeIgniter.php(928): App\Controllers\Home->index()
#6 C:\xampp\htdocs\promise\vendor\codeigniter4\framework\system\CodeIgniter.php(436): CodeIgniter\CodeIgniter->runController(Object(App\Controllers\Home))
#7 C:\xampp\htdocs\promise\vendor\codeigniter4\framework\system\CodeIgniter.php(336): CodeIgniter\CodeIgniter->handleRequest(NULL, Object(Config\Cache), false)
#8 C:\xampp\htdocs\promise\public\index.php(36): CodeIgniter\CodeIgniter->run()
#9 {main}
CRITICAL - 2021-06-23 09:38:18 --> Undefined variable: config
#0 C:\xampp\htdocs\promise\app\Views\template\landing-page.php(53): CodeIgniter\Debug\Exceptions->errorHandler(8, 'Undefined varia...', 'C:\\xampp\\htdocs...', 53, Array)
#1 C:\xampp\htdocs\promise\vendor\codeigniter4\framework\system\View\View.php(230): include('C:\\xampp\\htdocs...')
#2 C:\xampp\htdocs\promise\vendor\codeigniter4\framework\system\View\View.php(232): CodeIgniter\View\View->CodeIgniter\View\{closure}()
#3 C:\xampp\htdocs\promise\vendor\codeigniter4\framework\system\Common.php(1271): CodeIgniter\View\View->render('template/landin...', Array, true)
#4 C:\xampp\htdocs\promise\app\Controllers\Home.php(11): view('template/landin...')
#5 C:\xampp\htdocs\promise\vendor\codeigniter4\framework\system\CodeIgniter.php(928): App\Controllers\Home->index()
#6 C:\xampp\htdocs\promise\vendor\codeigniter4\framework\system\CodeIgniter.php(436): CodeIgniter\CodeIgniter->runController(Object(App\Controllers\Home))
#7 C:\xampp\htdocs\promise\vendor\codeigniter4\framework\system\CodeIgniter.php(336): CodeIgniter\CodeIgniter->handleRequest(NULL, Object(Config\Cache), false)
#8 C:\xampp\htdocs\promise\public\index.php(36): CodeIgniter\CodeIgniter->run()
#9 {main}
CRITICAL - 2021-06-23 09:43:34 --> Undefined variable: auth
#0 C:\xampp\htdocs\promise\app\Controllers\Home.php(13): CodeIgniter\Debug\Exceptions->errorHandler(8, 'Undefined varia...', 'C:\\xampp\\htdocs...', 13, Array)
#1 C:\xampp\htdocs\promise\vendor\codeigniter4\framework\system\CodeIgniter.php(928): App\Controllers\Home->index()
#2 C:\xampp\htdocs\promise\vendor\codeigniter4\framework\system\CodeIgniter.php(436): CodeIgniter\CodeIgniter->runController(Object(App\Controllers\Home))
#3 C:\xampp\htdocs\promise\vendor\codeigniter4\framework\system\CodeIgniter.php(336): CodeIgniter\CodeIgniter->handleRequest(NULL, Object(Config\Cache), false)
#4 C:\xampp\htdocs\promise\public\index.php(36): CodeIgniter\CodeIgniter->run()
#5 {main}
CRITICAL - 2021-06-23 09:43:36 --> Undefined variable: auth
#0 C:\xampp\htdocs\promise\app\Controllers\Home.php(13): CodeIgniter\Debug\Exceptions->errorHandler(8, 'Undefined varia...', 'C:\\xampp\\htdocs...', 13, Array)
#1 C:\xampp\htdocs\promise\vendor\codeigniter4\framework\system\CodeIgniter.php(928): App\Controllers\Home->index()
#2 C:\xampp\htdocs\promise\vendor\codeigniter4\framework\system\CodeIgniter.php(436): CodeIgniter\CodeIgniter->runController(Object(App\Controllers\Home))
#3 C:\xampp\htdocs\promise\vendor\codeigniter4\framework\system\CodeIgniter.php(336): CodeIgniter\CodeIgniter->handleRequest(NULL, Object(Config\Cache), false)
#4 C:\xampp\htdocs\promise\public\index.php(36): CodeIgniter\CodeIgniter->run()
#5 {main}
CRITICAL - 2021-06-23 09:45:08 --> Undefined variable: auth
#0 C:\xampp\htdocs\promise\app\Controllers\Home.php(13): CodeIgniter\Debug\Exceptions->errorHandler(8, 'Undefined varia...', 'C:\\xampp\\htdocs...', 13, Array)
#1 C:\xampp\htdocs\promise\vendor\codeigniter4\framework\system\CodeIgniter.php(928): App\Controllers\Home->index()
#2 C:\xampp\htdocs\promise\vendor\codeigniter4\framework\system\CodeIgniter.php(436): CodeIgniter\CodeIgniter->runController(Object(App\Controllers\Home))
#3 C:\xampp\htdocs\promise\vendor\codeigniter4\framework\system\CodeIgniter.php(336): CodeIgniter\CodeIgniter->handleRequest(NULL, Object(Config\Cache), false)
#4 C:\xampp\htdocs\promise\public\index.php(36): CodeIgniter\CodeIgniter->run()
#5 {main}
CRITICAL - 2021-06-23 09:45:09 --> Undefined variable: auth
#0 C:\xampp\htdocs\promise\app\Controllers\Home.php(13): CodeIgniter\Debug\Exceptions->errorHandler(8, 'Undefined varia...', 'C:\\xampp\\htdocs...', 13, Array)
#1 C:\xampp\htdocs\promise\vendor\codeigniter4\framework\system\CodeIgniter.php(928): App\Controllers\Home->index()
#2 C:\xampp\htdocs\promise\vendor\codeigniter4\framework\system\CodeIgniter.php(436): CodeIgniter\CodeIgniter->runController(Object(App\Controllers\Home))
#3 C:\xampp\htdocs\promise\vendor\codeigniter4\framework\system\CodeIgniter.php(336): CodeIgniter\CodeIgniter->handleRequest(NULL, Object(Config\Cache), false)
#4 C:\xampp\htdocs\promise\public\index.php(36): CodeIgniter\CodeIgniter->run()
#5 {main}
CRITICAL - 2021-06-23 09:45:11 --> Undefined variable: auth
#0 C:\xampp\htdocs\promise\app\Controllers\Home.php(13): CodeIgniter\Debug\Exceptions->errorHandler(8, 'Undefined varia...', 'C:\\xampp\\htdocs...', 13, Array)
#1 C:\xampp\htdocs\promise\vendor\codeigniter4\framework\system\CodeIgniter.php(928): App\Controllers\Home->index()
#2 C:\xampp\htdocs\promise\vendor\codeigniter4\framework\system\CodeIgniter.php(436): CodeIgniter\CodeIgniter->runController(Object(App\Controllers\Home))
#3 C:\xampp\htdocs\promise\vendor\codeigniter4\framework\system\CodeIgniter.php(336): CodeIgniter\CodeIgniter->handleRequest(NULL, Object(Config\Cache), false)
#4 C:\xampp\htdocs\promise\public\index.php(36): CodeIgniter\CodeIgniter->run()
#5 {main}
CRITICAL - 2021-06-23 09:47:10 --> Undefined variable: AuthController
#0 C:\xampp\htdocs\promise\app\Controllers\Home.php(13): CodeIgniter\Debug\Exceptions->errorHandler(8, 'Undefined varia...', 'C:\\xampp\\htdocs...', 13, Array)
#1 C:\xampp\htdocs\promise\vendor\codeigniter4\framework\system\CodeIgniter.php(928): App\Controllers\Home->index()
#2 C:\xampp\htdocs\promise\vendor\codeigniter4\framework\system\CodeIgniter.php(436): CodeIgniter\CodeIgniter->runController(Object(App\Controllers\Home))
#3 C:\xampp\htdocs\promise\vendor\codeigniter4\framework\system\CodeIgniter.php(336): CodeIgniter\CodeIgniter->handleRequest(NULL, Object(Config\Cache), false)
#4 C:\xampp\htdocs\promise\public\index.php(36): CodeIgniter\CodeIgniter->run()
#5 {main}
CRITICAL - 2021-06-23 09:47:11 --> Undefined variable: AuthController
#0 C:\xampp\htdocs\promise\app\Controllers\Home.php(13): CodeIgniter\Debug\Exceptions->errorHandler(8, 'Undefined varia...', 'C:\\xampp\\htdocs...', 13, Array)
#1 C:\xampp\htdocs\promise\vendor\codeigniter4\framework\system\CodeIgniter.php(928): App\Controllers\Home->index()
#2 C:\xampp\htdocs\promise\vendor\codeigniter4\framework\system\CodeIgniter.php(436): CodeIgniter\CodeIgniter->runController(Object(App\Controllers\Home))
#3 C:\xampp\htdocs\promise\vendor\codeigniter4\framework\system\CodeIgniter.php(336): CodeIgniter\CodeIgniter->handleRequest(NULL, Object(Config\Cache), false)
#4 C:\xampp\htdocs\promise\public\index.php(36): CodeIgniter\CodeIgniter->run()
#5 {main}
CRITICAL - 2021-06-23 09:47:12 --> Undefined variable: AuthController
#0 C:\xampp\htdocs\promise\app\Controllers\Home.php(13): CodeIgniter\Debug\Exceptions->errorHandler(8, 'Undefined varia...', 'C:\\xampp\\htdocs...', 13, Array)
#1 C:\xampp\htdocs\promise\vendor\codeigniter4\framework\system\CodeIgniter.php(928): App\Controllers\Home->index()
#2 C:\xampp\htdocs\promise\vendor\codeigniter4\framework\system\CodeIgniter.php(436): CodeIgniter\CodeIgniter->runController(Object(App\Controllers\Home))
#3 C:\xampp\htdocs\promise\vendor\codeigniter4\framework\system\CodeIgniter.php(336): CodeIgniter\CodeIgniter->handleRequest(NULL, Object(Config\Cache), false)
#4 C:\xampp\htdocs\promise\public\index.php(36): CodeIgniter\CodeIgniter->run()
#5 {main}
CRITICAL - 2021-06-23 09:47:49 --> Undefined variable: authController
#0 C:\xampp\htdocs\promise\app\Controllers\Home.php(13): CodeIgniter\Debug\Exceptions->errorHandler(8, 'Undefined varia...', 'C:\\xampp\\htdocs...', 13, Array)
#1 C:\xampp\htdocs\promise\vendor\codeigniter4\framework\system\CodeIgniter.php(928): App\Controllers\Home->index()
#2 C:\xampp\htdocs\promise\vendor\codeigniter4\framework\system\CodeIgniter.php(436): CodeIgniter\CodeIgniter->runController(Object(App\Controllers\Home))
#3 C:\xampp\htdocs\promise\vendor\codeigniter4\framework\system\CodeIgniter.php(336): CodeIgniter\CodeIgniter->handleRequest(NULL, Object(Config\Cache), false)
#4 C:\xampp\htdocs\promise\public\index.php(36): CodeIgniter\CodeIgniter->run()
#5 {main}
CRITICAL - 2021-06-23 09:47:50 --> Undefined variable: authController
#0 C:\xampp\htdocs\promise\app\Controllers\Home.php(13): CodeIgniter\Debug\Exceptions->errorHandler(8, 'Undefined varia...', 'C:\\xampp\\htdocs...', 13, Array)
#1 C:\xampp\htdocs\promise\vendor\codeigniter4\framework\system\CodeIgniter.php(928): App\Controllers\Home->index()
#2 C:\xampp\htdocs\promise\vendor\codeigniter4\framework\system\CodeIgniter.php(436): CodeIgniter\CodeIgniter->runController(Object(App\Controllers\Home))
#3 C:\xampp\htdocs\promise\vendor\codeigniter4\framework\system\CodeIgniter.php(336): CodeIgniter\CodeIgniter->handleRequest(NULL, Object(Config\Cache), false)
#4 C:\xampp\htdocs\promise\public\index.php(36): CodeIgniter\CodeIgniter->run()
#5 {main}
CRITICAL - 2021-06-23 09:50:27 --> Undefined variable: authController
#0 C:\xampp\htdocs\promise\app\Controllers\Home.php(13): CodeIgniter\Debug\Exceptions->errorHandler(8, 'Undefined varia...', 'C:\\xampp\\htdocs...', 13, Array)
#1 C:\xampp\htdocs\promise\vendor\codeigniter4\framework\system\CodeIgniter.php(928): App\Controllers\Home->index()
#2 C:\xampp\htdocs\promise\vendor\codeigniter4\framework\system\CodeIgniter.php(436): CodeIgniter\CodeIgniter->runController(Object(App\Controllers\Home))
#3 C:\xampp\htdocs\promise\vendor\codeigniter4\framework\system\CodeIgniter.php(336): CodeIgniter\CodeIgniter->handleRequest(NULL, Object(Config\Cache), false)
#4 C:\xampp\htdocs\promise\public\index.php(36): CodeIgniter\CodeIgniter->run()
#5 {main}
CRITICAL - 2021-06-23 09:50:28 --> Undefined variable: authController
#0 C:\xampp\htdocs\promise\app\Controllers\Home.php(13): CodeIgniter\Debug\Exceptions->errorHandler(8, 'Undefined varia...', 'C:\\xampp\\htdocs...', 13, Array)
#1 C:\xampp\htdocs\promise\vendor\codeigniter4\framework\system\CodeIgniter.php(928): App\Controllers\Home->index()
#2 C:\xampp\htdocs\promise\vendor\codeigniter4\framework\system\CodeIgniter.php(436): CodeIgniter\CodeIgniter->runController(Object(App\Controllers\Home))
#3 C:\xampp\htdocs\promise\vendor\codeigniter4\framework\system\CodeIgniter.php(336): CodeIgniter\CodeIgniter->handleRequest(NULL, Object(Config\Cache), false)
#4 C:\xampp\htdocs\promise\public\index.php(36): CodeIgniter\CodeIgniter->run()
#5 {main}
CRITICAL - 2021-06-23 09:50:29 --> Undefined variable: authController
#0 C:\xampp\htdocs\promise\app\Controllers\Home.php(13): CodeIgniter\Debug\Exceptions->errorHandler(8, 'Undefined varia...', 'C:\\xampp\\htdocs...', 13, Array)
#1 C:\xampp\htdocs\promise\vendor\codeigniter4\framework\system\CodeIgniter.php(928): App\Controllers\Home->index()
#2 C:\xampp\htdocs\promise\vendor\codeigniter4\framework\system\CodeIgniter.php(436): CodeIgniter\CodeIgniter->runController(Object(App\Controllers\Home))
#3 C:\xampp\htdocs\promise\vendor\codeigniter4\framework\system\CodeIgniter.php(336): CodeIgniter\CodeIgniter->handleRequest(NULL, Object(Config\Cache), false)
#4 C:\xampp\htdocs\promise\public\index.php(36): CodeIgniter\CodeIgniter->run()
#5 {main}
CRITICAL - 2021-06-23 09:50:30 --> Undefined variable: authController
#0 C:\xampp\htdocs\promise\app\Controllers\Home.php(13): CodeIgniter\Debug\Exceptions->errorHandler(8, 'Undefined varia...', 'C:\\xampp\\htdocs...', 13, Array)
#1 C:\xampp\htdocs\promise\vendor\codeigniter4\framework\system\CodeIgniter.php(928): App\Controllers\Home->index()
#2 C:\xampp\htdocs\promise\vendor\codeigniter4\framework\system\CodeIgniter.php(436): CodeIgniter\CodeIgniter->runController(Object(App\Controllers\Home))
#3 C:\xampp\htdocs\promise\vendor\codeigniter4\framework\system\CodeIgniter.php(336): CodeIgniter\CodeIgniter->handleRequest(NULL, Object(Config\Cache), false)
#4 C:\xampp\htdocs\promise\public\index.php(36): CodeIgniter\CodeIgniter->run()
#5 {main}
CRITICAL - 2021-06-23 09:51:27 --> Undefined variable: config
#0 C:\xampp\htdocs\promise\app\Views\template\landing-page.php(53): CodeIgniter\Debug\Exceptions->errorHandler(8, 'Undefined varia...', 'C:\\xampp\\htdocs...', 53, Array)
#1 C:\xampp\htdocs\promise\vendor\codeigniter4\framework\system\View\View.php(230): include('C:\\xampp\\htdocs...')
#2 C:\xampp\htdocs\promise\vendor\codeigniter4\framework\system\View\View.php(232): CodeIgniter\View\View->CodeIgniter\View\{closure}()
#3 C:\xampp\htdocs\promise\vendor\codeigniter4\framework\system\Common.php(1271): CodeIgniter\View\View->render('template/landin...', Array, true)
#4 C:\xampp\htdocs\promise\app\Controllers\Home.php(13): view('template/landin...')
#5 C:\xampp\htdocs\promise\vendor\codeigniter4\framework\system\CodeIgniter.php(928): App\Controllers\Home->index()
#6 C:\xampp\htdocs\promise\vendor\codeigniter4\framework\system\CodeIgniter.php(436): CodeIgniter\CodeIgniter->runController(Object(App\Controllers\Home))
#7 C:\xampp\htdocs\promise\vendor\codeigniter4\framework\system\CodeIgniter.php(336): CodeIgniter\CodeIgniter->handleRequest(NULL, Object(Config\Cache), false)
#8 C:\xampp\htdocs\promise\public\index.php(36): CodeIgniter\CodeIgniter->run()
#9 {main}
